  main.cpp
D:\VS 2019\С++\Project 28.9.1 (HW-04)\Project 28.9.1 (HW-04)\main.cpp(1,4): error C2014: команда препроцессора не должна начинаться с пробела
C:\Program Files (x86)\Microsoft Visual Studio\2019\Community\VC\Tools\MSVC\14.29.30133\include\sal.h(2361,1): error C2144: синтаксическая ошибка: перед "int" требуется ";"
C:\Program Files (x86)\Microsoft Visual Studio\2019\Community\VC\Tools\MSVC\14.29.30133\include\sal.h(2361,8): error C4430: отсутствует спецификатор типа - предполагается int. Примечание. C++ не поддерживает int по умолчанию
D:\VS 2019\С++\Project 28.9.1 (HW-04)\Project 28.9.1 (HW-04)\main.cpp(81,41): warning C4018: <: несоответствие типов со знаком и без знака
  util.cpp
D:\VS 2019\С++\Project 28.9.1 (HW-04)\Project 28.9.1 (HW-04)\util.cpp(1,4): error C2014: команда препроцессора не должна начинаться с пробела
D:\VS 2019\С++\Project 28.9.1 (HW-04)\Project 28.9.1 (HW-04)\util.cpp(4,6): error C3083: chrono: символ слева от "::" должен представлять тип
D:\VS 2019\С++\Project 28.9.1 (HW-04)\Project 28.9.1 (HW-04)\util.cpp(4,14): error C3083: high_resolution_clock: символ слева от "::" должен представлять тип
D:\VS 2019\С++\Project 28.9.1 (HW-04)\Project 28.9.1 (HW-04)\util.cpp(4,37): error C2039: "time_point": не является членом "std".
D:\VS 2019\С++\Project 28.9.1 (HW-04)\Project 28.9.1 (HW-04)\predefined C++ types (compiler internal)(340): message : см. объявление "std"
D:\VS 2019\С++\Project 28.9.1 (HW-04)\Project 28.9.1 (HW-04)\util.cpp(4,48): error C4430: отсутствует спецификатор типа - предполагается int. Примечание. C++ не поддерживает int по умолчанию
D:\VS 2019\С++\Project 28.9.1 (HW-04)\Project 28.9.1 (HW-04)\util.cpp(4,48): error C2146: синтаксическая ошибка: отсутствие ";" перед идентификатором "time_point"
D:\VS 2019\С++\Project 28.9.1 (HW-04)\Project 28.9.1 (HW-04)\util.cpp(5,1): error C2143: синтаксическая ошибка: отсутствие ";" перед "{"
D:\VS 2019\С++\Project 28.9.1 (HW-04)\Project 28.9.1 (HW-04)\util.cpp(5,1): error C2447: {: отсутствует заголовок функции (возможно, используется формальный список старого типа)
D:\VS 2019\С++\Project 28.9.1 (HW-04)\Project 28.9.1 (HW-04)\util.cpp(8,23): error C3083: chrono: символ слева от "::" должен представлять тип
D:\VS 2019\С++\Project 28.9.1 (HW-04)\Project 28.9.1 (HW-04)\util.cpp(8,31): error C3083: high_resolution_clock: символ слева от "::" должен представлять тип
D:\VS 2019\С++\Project 28.9.1 (HW-04)\Project 28.9.1 (HW-04)\util.cpp(8,54): error C2039: "time_point": не является членом "std".
D:\VS 2019\С++\Project 28.9.1 (HW-04)\Project 28.9.1 (HW-04)\predefined C++ types (compiler internal)(340): message : см. объявление "std"
D:\VS 2019\С++\Project 28.9.1 (HW-04)\Project 28.9.1 (HW-04)\util.cpp(8,65): error C2065: time_point: необъявленный идентификатор
D:\VS 2019\С++\Project 28.9.1 (HW-04)\Project 28.9.1 (HW-04)\util.cpp(8,65): error C2146: синтаксическая ошибка: отсутствие ")" перед идентификатором "timeStart"
D:\VS 2019\С++\Project 28.9.1 (HW-04)\Project 28.9.1 (HW-04)\util.cpp(9,1): error C2143: синтаксическая ошибка: отсутствие ";" перед "{"
D:\VS 2019\С++\Project 28.9.1 (HW-04)\Project 28.9.1 (HW-04)\util.cpp(9,1): error C2447: {: отсутствует заголовок функции (возможно, используется формальный список старого типа)
D:\VS 2019\С++\Project 28.9.1 (HW-04)\Project 28.9.1 (HW-04)\util.cpp(18,36): error C3083: thread: символ слева от "::" должен представлять тип
D:\VS 2019\С++\Project 28.9.1 (HW-04)\Project 28.9.1 (HW-04)\util.cpp(18,44): error C2039: "hardware_concurrency": не является членом "std".
D:\VS 2019\С++\Project 28.9.1 (HW-04)\Project 28.9.1 (HW-04)\predefined C++ types (compiler internal)(340): message : см. объявление "std"
D:\VS 2019\С++\Project 28.9.1 (HW-04)\Project 28.9.1 (HW-04)\util.cpp(18,64): error C3861: hardware_concurrency: идентификатор не найден
D:\VS 2019\С++\Project 28.9.1 (HW-04)\Project 28.9.1 (HW-04)\util.cpp(22,8): error C2039: "cout": не является членом "std".
D:\VS 2019\С++\Project 28.9.1 (HW-04)\Project 28.9.1 (HW-04)\predefined C++ types (compiler internal)(340): message : см. объявление "std"
D:\VS 2019\С++\Project 28.9.1 (HW-04)\Project 28.9.1 (HW-04)\util.cpp(22,13): error C2065: cout: необъявленный идентификатор
D:\VS 2019\С++\Project 28.9.1 (HW-04)\Project 28.9.1 (HW-04)\util.cpp(22,116): error C2039: "endl": не является членом "std".
D:\VS 2019\С++\Project 28.9.1 (HW-04)\Project 28.9.1 (HW-04)\predefined C++ types (compiler internal)(340): message : см. объявление "std"
D:\VS 2019\С++\Project 28.9.1 (HW-04)\Project 28.9.1 (HW-04)\util.cpp(22,120): error C2065: endl: необъявленный идентификатор
D:\VS 2019\С++\Project 28.9.1 (HW-04)\Project 28.9.1 (HW-04)\util.cpp(24,7): error C2039: "cout": не является членом "std".
D:\VS 2019\С++\Project 28.9.1 (HW-04)\Project 28.9.1 (HW-04)\predefined C++ types (compiler internal)(340): message : см. объявление "std"
D:\VS 2019\С++\Project 28.9.1 (HW-04)\Project 28.9.1 (HW-04)\util.cpp(24,12): error C2065: cout: необъявленный идентификатор
D:\VS 2019\С++\Project 28.9.1 (HW-04)\Project 28.9.1 (HW-04)\util.cpp(24,64): error C2039: "endl": не является членом "std".
D:\VS 2019\С++\Project 28.9.1 (HW-04)\Project 28.9.1 (HW-04)\predefined C++ types (compiler internal)(340): message : см. объявление "std"
D:\VS 2019\С++\Project 28.9.1 (HW-04)\Project 28.9.1 (HW-04)\util.cpp(24,68): error C2065: endl: необъявленный идентификатор
  Создание кода...
